<?xml version="1.0" encoding="UTF-8"?>
<!-- Generated by org.testng.reporters.JUnitXMLReporter -->
<testsuite ignored="0" hostname="DESKTOP-TRIET" failures="0" tests="5" name="Test" time="3.978" errors="0" timestamp="2022-05-22T14:21:28 ICT">
  <testcase classname="tests.TestGetAndPostExamples" name="testPOST" time="1.872"/>
  <testcase classname="tests.TestGetAndPostExamples" name="testPOST2" time="0.527"/>
  <testcase classname="tests.PutAndPatchAndDelete" name="testDelete" time="0.54"/>
  <testcase classname="tests.PutAndPatchAndDelete" name="testPatch" time="0.528"/>
  <testcase classname="tests.PutAndPatchAndDelete" name="testPut" time="0.486"/>
</testsuite> <!-- Test -->
