<?xml version="1.0" encoding="UTF-8"?>
<!-- Generated by org.testng.reporters.JUnitXMLReporter -->
<testsuite ignored="0" hostname="DESKTOP-TRIET" failures="0" tests="10" name="Test" time="8.21" errors="0" timestamp="2022-06-07T00:03:13 ICT">
  <testcase classname="tests.TestGetAndPostExamples" name="testGet" time="0.562"/>
  <testcase classname="tests.TestGetAndPostExamples" name="test_Md5CheckSumForTest_ShouldBe098f6bcd4621d373cade4e832627b4f6" time="1.69"/>
  <testcase classname="tests.TestGetAndPostExamples" name="test_Md5CheckSumForTest_ShouldBe098f6bcd4621d373cade4e832627b4f6" time="0.311"/>
  <testcase classname="tests.TestGetAndPostExamples" name="test_NumberOfCircuits_ShouldBe_DataDriven" time="0.679"/>
  <testcase classname="tests.TestGetAndPostExamples" name="test_NumberOfCircuits_ShouldBe_DataDriven" time="0.624"/>
  <testcase classname="tests.TestGetAndPostExamples" name="test_NumberOfCircuits_ShouldBe_DataDriven" time="0.643"/>
  <testcase classname="tests.TestGetAndPostExamples" name="test_ScenarioRetrieveFirstCircuitFor2017SeasonAndGetCountry_ShouldBeAustralia" time="1.3"/>
  <testcase classname="tests.PutAndPatchAndDelete" name="testDelete" time="0.851"/>
  <testcase classname="tests.PutAndPatchAndDelete" name="testPatch" time="0.586"/>
  <testcase classname="tests.PutAndPatchAndDelete" name="testPut" time="0.916"/>
</testsuite> <!-- Test -->
