<?xml version="1.0" encoding="UTF-8"?>
<testsuite xmlns:xsi="http://www.w3.org/2001/XMLSchema-instance" xsi:noNamespaceSchemaLocation="https://maven.apache.org/surefire/maven-surefire-plugin/xsd/surefire-test-report-3.0.xsd" version="3.0" name="TestSuite" time="4.344" tests="5" errors="0" skipped="0" failures="0">
  <properties>
[...]
</properties>
  <testcase name="testPOST" classname="tests.TestGetAndPostExamples" time="1.88">
    <system-out><![CDATA[{"name":"Raghav","job":"Teacher"}
HTTP/1.1 201 Created
Date: Sun, 22 May 2022 07:21:25 GMT
Content-Type: application/json; charset=utf-8
Content-Length: 83
Connection: keep-alive
X-Powered-By: Express
Access-Control-Allow-Origin: *
Etag: W/"53-7MNUS+S4y2gFOQoUpD9AzJB2aE4"
Via: 1.1 vegur
CF-Cache-Status: DYNAMIC
Expect-CT: max-age=604800, report-uri="https://report-uri.cloudflare.com/cdn-cgi/beacon/expect-ct"
Report-To: {"endpoints":[{"url":"https:\/\/a.nel.cloudflare.com\/report\/v3?s=E3vPu34ZhM1Dp0ZLWVAr%2F7k6zXjYdq4LokGuljsRU7Ke%2BsquftIm%2FPgZYvFMd1CdyHo9ySEpCsrDqxI%2BOnPlKLN7uziGFXe4%2BKBauXG%2F9QpOkGA3Bm%2BmJZq%2Brqg%3D"}],"group":"cf-nel","max_age":604800}
NEL: {"success_fraction":0,"report_to":"cf-nel","max_age":604800}
Server: cloudflare
CF-RAY: 70f3cb7e399a46bb-SIN
alt-svc: h3=":443"; ma=86400, h3-29=":443"; ma=86400

{
    "name": "Raghav",
    "job": "Teacher",
    "id": "731",
    "createdAt": "2022-05-22T07:21:25.759Z"
}
]]></system-out>
  </testcase>
  <testcase name="testPOST2" classname="tests.TestGetAndPostExamples" time="0.52">
    <system-out><![CDATA[{"name":"Raghav","job":"Teacher"}
HTTP/1.1 201 Created
Date: Sun, 22 May 2022 07:21:26 GMT
Content-Type: application/json; charset=utf-8
Content-Length: 83
Connection: keep-alive
X-Powered-By: Express
Access-Control-Allow-Origin: *
Etag: W/"53-kyMUc2yJC/oehDmbtZBi5xpXtoo"
Via: 1.1 vegur
CF-Cache-Status: DYNAMIC
Expect-CT: max-age=604800, report-uri="https://report-uri.cloudflare.com/cdn-cgi/beacon/expect-ct"
Report-To: {"endpoints":[{"url":"https:\/\/a.nel.cloudflare.com\/report\/v3?s=lzcbdjBk873BQw41X0NDgKscAnwAVZ13UvPcKB7sJd6V2WVL%2BvEodgAmZvYwhYcOT8KAu79Ecma%2FIl3rkJdkzTpu5%2Bktoc7XUU%2Fr4ZIvZDiafeXrjVqwgX4MMxg%3D"}],"group":"cf-nel","max_age":604800}
NEL: {"success_fraction":0,"report_to":"cf-nel","max_age":604800}
Server: cloudflare
CF-RAY: 70f3cb821da11a46-SIN
alt-svc: h3=":443"; ma=86400, h3-29=":443"; ma=86400

{
    "name": "Raghav",
    "job": "Teacher",
    "id": "493",
    "createdAt": "2022-05-22T07:21:26.386Z"
}
]]></system-out>
  </testcase>
  <testcase name="testDelete" classname="tests.PutAndPatchAndDelete" time="0.547">
    <system-out><![CDATA[HTTP/1.1 204 No Content
Date: Sun, 22 May 2022 07:21:27 GMT
Content-Length: 0
Connection: keep-alive
X-Powered-By: Express
Access-Control-Allow-Origin: *
Etag: W/"2-vyGp6PvFo4RvsFtPoIWeCReyIC8"
Via: 1.1 vegur
CF-Cache-Status: DYNAMIC
Expect-CT: max-age=604800, report-uri="https://report-uri.cloudflare.com/cdn-cgi/beacon/expect-ct"
Report-To: {"endpoints":[{"url":"https:\/\/a.nel.cloudflare.com\/report\/v3?s=qG0LhnBvcqfJUUAvBBYrkxi7b12OuMvI1gStlWkRCcR%2FtZ1uwxyEQGzV9bIwBvbHyZyShQuHQZZA42C%2Btk8j3fHy0NYvRl%2Fe3POgrTto%2Bdy8m0aiGwSJPh1HycE%3D"}],"group":"cf-nel","max_age":604800}
NEL: {"success_fraction":0,"report_to":"cf-nel","max_age":604800}
Server: cloudflare
CF-RAY: 70f3cb859ecda071-SIN
alt-svc: h3=":443"; ma=86400, h3-29=":443"; ma=86400
]]></system-out>
  </testcase>
  <testcase name="testPatch" classname="tests.PutAndPatchAndDelete" time="0.526">
    <system-out><![CDATA[HTTP/1.1 200 OK
Date: Sun, 22 May 2022 07:21:27 GMT
Content-Type: application/json; charset=utf-8
Transfer-Encoding: chunked
Connection: keep-alive
X-Powered-By: Express
Access-Control-Allow-Origin: *
Etag: W/"51-A4w2RlGZ2BIBFgiw0cq5Z9ckgJI"
Via: 1.1 vegur
CF-Cache-Status: DYNAMIC
Expect-CT: max-age=604800, report-uri="https://report-uri.cloudflare.com/cdn-cgi/beacon/expect-ct"
Report-To: {"endpoints":[{"url":"https:\/\/a.nel.cloudflare.com\/report\/v3?s=ONEgBXQCyzjmnh9f%2FZOkYVi2HgcD2VDznuR%2FiaRA8Vo9Aprzun9FiFKri1nS%2FF1j84DK2ANeWYzChX40b6YyPLop0RrSv0sQmtyVQyxWkKVtvGUQeurc%2BLh7ec4%3D"}],"group":"cf-nel","max_age":604800}
NEL: {"success_fraction":0,"report_to":"cf-nel","max_age":604800}
Server: cloudflare
CF-RAY: 70f3cb88be924a29-SIN
Content-Encoding: gzip
alt-svc: h3=":443"; ma=86400, h3-29=":443"; ma=86400

{
    "name": "morpheus",
    "job": "zion resident2",
    "updatedAt": "2022-05-22T07:21:27.439Z"
}
]]></system-out>
  </testcase>
  <testcase name="testPut" classname="tests.PutAndPatchAndDelete" time="0.488">
    <system-out><![CDATA[HTTP/1.1 200 OK
Date: Sun, 22 May 2022 07:21:28 GMT
Content-Type: application/json; charset=utf-8
Transfer-Encoding: chunked
Connection: keep-alive
X-Powered-By: Express
Access-Control-Allow-Origin: *
Etag: W/"51-G469rCWt2AgsYXlNI/BVhNdlLoM"
Via: 1.1 vegur
CF-Cache-Status: DYNAMIC
Expect-CT: max-age=604800, report-uri="https://report-uri.cloudflare.com/cdn-cgi/beacon/expect-ct"
Report-To: {"endpoints":[{"url":"https:\/\/a.nel.cloudflare.com\/report\/v3?s=wFi2kHa0V9sG2aIf%2Bovv5lA1mMzh9B8feWLjdGWUNiXPJ0ZI6SLuWzodhu1E%2F9DQ15LzdrdlEU6bakbe5TrEUv1hODBIv%2B%2FEe6zDLHlH2y6b9wwhtsHYIeqW9UQ%3D"}],"group":"cf-nel","max_age":604800}
NEL: {"success_fraction":0,"report_to":"cf-nel","max_age":604800}
Vary: Accept-Encoding
Server: cloudflare
CF-RAY: 70f3cb8beccf6ba8-SIN
Content-Encoding: gzip
alt-svc: h3=":443"; ma=86400, h3-29=":443"; ma=86400

{
    "name": "morpheus",
    "job": "zion resident2",
    "updatedAt": "2022-05-22T07:21:27.937Z"
}
]]></system-out>
  </testcase>
</testsuite>