<?xml version="1.0" encoding="UTF-8"?>
<testsuite xmlns:xsi="http://www.w3.org/2001/XMLSchema-instance" xsi:noNamespaceSchemaLocation="https://maven.apache.org/surefire/maven-surefire-plugin/xsd/surefire-test-report-3.0.xsd" version="3.0" name="TestSuite" time="8.773" tests="10" errors="0" skipped="0" failures="0">
  <properties>
[...]
</properties>
  <testcase name="testGet" classname="tests.TestGetAndPostExamples" time="0.56"/>
  <testcase name="test_Md5CheckSumForTest_ShouldBe098f6bcd4621d373cade4e832627b4f6[test, 098f6bcd4621d373cade4e832627b4f6](1)" classname="tests.TestGetAndPostExamples" time="1.695">
    <system-out><![CDATA[HTTP/1.1 200 OK
Access-Control-Allow-Origin: *
Content-Type: application/json
X-Cloud-Trace-Context: 03bd60277daf5c106421f63b1d81b137
Date: Mon, 06 Jun 2022 17:03:05 GMT
Server: Google Frontend
Content-Length: 72

{
    "original": "test",
    "md5": "098f6bcd4621d373cade4e832627b4f6"
}
]]></system-out>
  </testcase>
  <testcase name="test_Md5CheckSumForTest_ShouldBe098f6bcd4621d373cade4e832627b4f6[tr, e7d707a26e7f7b6ff52c489c60e429b1](2)" classname="tests.TestGetAndPostExamples" time="0.308">
    <system-out><![CDATA[HTTP/1.1 200 OK
Access-Control-Allow-Origin: *
Content-Type: application/json
X-Cloud-Trace-Context: 75791e896da8c6254a585da48ce167e3
Date: Mon, 06 Jun 2022 17:03:06 GMT
Server: Google Frontend
Content-Length: 70

{
    "original": "tr",
    "md5": "e7d707a26e7f7b6ff52c489c60e429b1"
}
]]></system-out>
  </testcase>
  <testcase name="test_NumberOfCircuits_ShouldBe_DataDriven[2017, 20](1)" classname="tests.TestGetAndPostExamples" time="0.677"/>
  <testcase name="test_NumberOfCircuits_ShouldBe_DataDriven[2016, 21](2)" classname="tests.TestGetAndPostExamples" time="0.624"/>
  <testcase name="test_NumberOfCircuits_ShouldBe_DataDriven[1966, 9](3)" classname="tests.TestGetAndPostExamples" time="0.644"/>
  <testcase name="test_ScenarioRetrieveFirstCircuitFor2017SeasonAndGetCountry_ShouldBeAustralia" classname="tests.TestGetAndPostExamples" time="1.299"/>
  <testcase name="testDelete" classname="tests.PutAndPatchAndDelete" time="0.854">
    <system-out><![CDATA[HTTP/1.1 204 No Content
Date: Mon, 06 Jun 2022 17:03:10 GMT
Content-Length: 0
Connection: keep-alive
X-Powered-By: Express
Access-Control-Allow-Origin: *
Etag: W/"2-vyGp6PvFo4RvsFtPoIWeCReyIC8"
Via: 1.1 vegur
CF-Cache-Status: DYNAMIC
Expect-CT: max-age=604800, report-uri="https://report-uri.cloudflare.com/cdn-cgi/beacon/expect-ct"
Report-To: {"endpoints":[{"url":"https:\/\/a.nel.cloudflare.com\/report\/v3?s=Pv4wSBk9JmmlU9tGDp5RPEaJDrPSc6sGbXjy1634GUPEFRjV9psa94BEuqA74AVLXdHg%2FZrTkGRm%2FHE11WxZwrNNPQ0e4nvj3yUiSd23W16GkcFD%2Fmxy3%2BL6D%2FQ%3D"}],"group":"cf-nel","max_age":604800}
NEL: {"success_fraction":0,"report_to":"cf-nel","max_age":604800}
Server: cloudflare
CF-RAY: 7172b8495f5246f1-SIN
alt-svc: h3=":443"; ma=86400, h3-29=":443"; ma=86400
]]></system-out>
  </testcase>
  <testcase name="testPatch" classname="tests.PutAndPatchAndDelete" time="0.587">
    <system-out><![CDATA[HTTP/1.1 200 OK
Date: Mon, 06 Jun 2022 17:03:11 GMT
Content-Type: application/json; charset=utf-8
Transfer-Encoding: chunked
Connection: keep-alive
X-Powered-By: Express
Access-Control-Allow-Origin: *
Etag: W/"51-WfveiKtffETShO6bIeCkElZF33o"
Via: 1.1 vegur
CF-Cache-Status: DYNAMIC
Expect-CT: max-age=604800, report-uri="https://report-uri.cloudflare.com/cdn-cgi/beacon/expect-ct"
Report-To: {"endpoints":[{"url":"https:\/\/a.nel.cloudflare.com\/report\/v3?s=ZaeFMUAbnPCXrRz40kVqPcQh%2B1JKxPG8m0dnffd702xOmu%2Fq14dZ8g6Urtp3bfOpWAnHElBu%2FdsFoXaewJjidyllOw4Su06mTa8tTMv6MMPbxBOMJo8PzMG77GY%3D"}],"group":"cf-nel","max_age":604800}
NEL: {"success_fraction":0,"report_to":"cf-nel","max_age":604800}
Server: cloudflare
CF-RAY: 7172b84dfcc747fe-SIN
Content-Encoding: gzip
alt-svc: h3=":443"; ma=86400, h3-29=":443"; ma=86400

{
    "name": "morpheus",
    "job": "zion resident2",
    "updatedAt": "2022-06-06T17:03:11.357Z"
}
]]></system-out>
  </testcase>
  <testcase name="testPut" classname="tests.PutAndPatchAndDelete" time="0.917">
    <system-out><![CDATA[HTTP/1.1 200 OK
Date: Mon, 06 Jun 2022 17:03:12 GMT
Content-Type: application/json; charset=utf-8
Transfer-Encoding: chunked
Connection: keep-alive
X-Powered-By: Express
Access-Control-Allow-Origin: *
Etag: W/"51-WwOAJorkjMJOeESj3vjYHV6GkTU"
Via: 1.1 vegur
CF-Cache-Status: DYNAMIC
Expect-CT: max-age=604800, report-uri="https://report-uri.cloudflare.com/cdn-cgi/beacon/expect-ct"
Report-To: {"endpoints":[{"url":"https:\/\/a.nel.cloudflare.com\/report\/v3?s=rt5XvPNcTadgwfkSURvfiFxqymEn5ak2YIzeDxIDbC2cQTIhwZtZ5rvJywDB5E3qytZLvj8%2B%2FvEhJFm1TJ8DTZyyGD6LJJZqgbeOJhibHZImVJrO0cWvXKeHq7o%3D"}],"group":"cf-nel","max_age":604800}
NEL: {"success_fraction":0,"report_to":"cf-nel","max_age":604800}
Vary: Accept-Encoding
Server: cloudflare
CF-RAY: 7172b8517957898c-SIN
Content-Encoding: gzip
alt-svc: h3=":443"; ma=86400, h3-29=":443"; ma=86400

{
    "name": "morpheus",
    "job": "zion resident2",
    "updatedAt": "2022-06-06T17:03:12.290Z"
}
]]></system-out>
  </testcase>
</testsuite>